<?xml version="1.0" encoding="UTF-8"?>
<!-- Generated by org.testng.reporters.JUnitReportReporter -->
<testsuite hostname="Dilip" failures="0" tests="3" name="Java.Create_new_booking" time="5.003" errors="0" timestamp="2024-10-10T22:51:33 IST" skipped="0">
  <testcase classname="Java.Create_new_booking" name="buissinessLoginPost" time="2.617"/>
  <system-out/>
  <testcase classname="Java.Create_new_booking" name="validateBookingTest" time="1.309"/>
  <system-out/>
  <testcase classname="Java.Create_new_booking" name="addBookingNegativeTest" time="1.077"/>
  <system-out/>
</testsuite> <!-- Java.Create_new_booking -->
